2021-01-13 13:06:12.533  INFO 24772 --- [restartedMain] com.abc.ServerApplication                : Starting ServerApplication on LAPTOP-G6K1M5Q1 with PID 24772 (D:\GitProject\Online-course-performance-analysis-system\server\out\production\classes started by 包克洋 in D:\GitProject\Online-course-performance-analysis-system)
2021-01-13 13:06:12.633  INFO 24772 --- [restartedMain] com.abc.ServerApplication                : The following profiles are active: druid,mybatisplus,shiro,swagger,dev
2021-01-13 13:06:12.863  INFO 24772 --- [restartedMain] ConfigServletWebServerApplicationContext : Refreshing org.springframework.boot.web.servlet.context.AnnotationConfigServletWebServerApplicationContext@709b7bad: startup date [Wed Jan 13 13:06:12 CST 2021]; root of context hierarchy
2021-01-13 13:06:18.735  INFO 24772 --- [restartedMain] trationDelegate$BeanPostProcessorChecker : Bean 'org.apache.shiro.spring.boot.autoconfigure.ShiroBeanAutoConfiguration' of type [org.apache.shiro.spring.boot.autoconfigure.ShiroBeanAutoConfiguration$$EnhancerBySpringCGLIB$$493acf69] is not eligible for getting processed by all BeanPostProcessors (for example: not eligible for auto-proxying)
2021-01-13 13:06:19.014  INFO 24772 --- [restartedMain] trationDelegate$BeanPostProcessorChecker : Bean 'org.springframework.transaction.annotation.ProxyTransactionManagementConfiguration' of type [org.springframework.transaction.annotation.ProxyTransactionManagementConfiguration$$EnhancerBySpringCGLIB$$3621f1b9] is not eligible for getting processed by all BeanPostProcessors (for example: not eligible for auto-proxying)
2021-01-13 13:06:19.263  INFO 24772 --- [restartedMain] trationDelegate$BeanPostProcessorChecker : Bean 'org.apache.shiro.spring.boot.autoconfigure.ShiroAnnotationProcessorAutoConfiguration' of type [org.apache.shiro.spring.boot.autoconfigure.ShiroAnnotationProcessorAutoConfiguration$$EnhancerBySpringCGLIB$$4bce0e0e] is not eligible for getting processed by all BeanPostProcessors (for example: not eligible for auto-proxying)
2021-01-13 13:06:19.323  INFO 24772 --- [restartedMain] trationDelegate$BeanPostProcessorChecker : Bean 'eventBus' of type [org.apache.shiro.event.support.DefaultEventBus] is not eligible for getting processed by all BeanPostProcessors (for example: not eligible for auto-proxying)
2021-01-13 13:06:19.474  INFO 24772 --- [restartedMain] trationDelegate$BeanPostProcessorChecker : Bean 'org.apache.shiro.spring.config.web.autoconfigure.ShiroWebAutoConfiguration' of type [org.apache.shiro.spring.config.web.autoconfigure.ShiroWebAutoConfiguration$$EnhancerBySpringCGLIB$$6dd72fd3] is not eligible for getting processed by all BeanPostProcessors (for example: not eligible for auto-proxying)
2021-01-13 13:06:19.496  INFO 24772 --- [restartedMain] trationDelegate$BeanPostProcessorChecker : Bean 'shiroConfig' of type [com.abc.config.ShiroConfig$$EnhancerBySpringCGLIB$$f44f20fe] is not eligible for getting processed by all BeanPostProcessors (for example: not eligible for auto-proxying)
2021-01-13 13:06:19.629  INFO 24772 --- [restartedMain] trationDelegate$BeanPostProcessorChecker : Bean 'org.springframework.boot.context.properties.ConversionServiceDeducer$Factory' of type [org.springframework.boot.context.properties.ConversionServiceDeducer$Factory] is not eligible for getting processed by all BeanPostProcessors (for example: not eligible for auto-proxying)
2021-01-13 13:06:20.126  INFO 24772 --- [restartedMain] trationDelegate$BeanPostProcessorChecker : Bean 'mybatis-plus-com.baomidou.mybatisplus.spring.boot.starter.MybatisPlusProperties' of type [com.baomidou.mybatisplus.spring.boot.starter.MybatisPlusProperties] is not eligible for getting processed by all BeanPostProcessors (for example: not eligible for auto-proxying)
2021-01-13 13:06:20.154  INFO 24772 --- [restartedMain] trationDelegate$BeanPostProcessorChecker : Bean 'myBatisPlusConfig' of type [com.abc.config.MyBatisPlusConfig$$EnhancerBySpringCGLIB$$2579a9ba] is not eligible for getting processed by all BeanPostProcessors (for example: not eligible for auto-proxying)
2021-01-13 13:06:20.175  INFO 24772 --- [restartedMain] trationDelegate$BeanPostProcessorChecker : Bean 'paginationInterceptor' of type [com.baomidou.mybatisplus.plugins.PaginationInterceptor] is not eligible for getting processed by all BeanPostProcessors (for example: not eligible for auto-proxying)
2021-01-13 13:06:20.196  INFO 24772 --- [restartedMain] trationDelegate$BeanPostProcessorChecker : Bean 'com.baomidou.mybatisplus.spring.boot.starter.MybatisPlusAutoConfiguration' of type [com.baomidou.mybatisplus.spring.boot.starter.MybatisPlusAutoConfiguration$$EnhancerBySpringCGLIB$$83c19016] is not eligible for getting processed by all BeanPostProcessors (for example: not eligible for auto-proxying)
2021-01-13 13:06:20.206  INFO 24772 --- [restartedMain] trationDelegate$BeanPostProcessorChecker : Bean 'com.alibaba.druid.spring.boot.autoconfigure.DruidDataSourceAutoConfigure' of type [com.alibaba.druid.spring.boot.autoconfigure.DruidDataSourceAutoConfigure$$EnhancerBySpringCGLIB$$4fcde72b] is not eligible for getting processed by all BeanPostProcessors (for example: not eligible for auto-proxying)
2021-01-13 13:06:20.210  INFO 24772 --- [restartedMain] c.a.d.s.b.a.DruidDataSourceAutoConfigure : Init DruidDataSource
2021-01-13 13:06:20.349  INFO 24772 --- [restartedMain] trationDelegate$BeanPostProcessorChecker : Bean 'spring.datasource-org.springframework.boot.autoconfigure.jdbc.DataSourceProperties' of type [org.springframework.boot.autoconfigure.jdbc.DataSourceProperties] is not eligible for getting processed by all BeanPostProcessors (for example: not eligible for auto-proxying)
2021-01-13 13:06:20.374  INFO 24772 --- [restartedMain] trationDelegate$BeanPostProcessorChecker : Bean 'com.alibaba.druid.spring.boot.autoconfigure.stat.DruidFilterConfiguration' of type [com.alibaba.druid.spring.boot.autoconfigure.stat.DruidFilterConfiguration] is not eligible for getting processed by all BeanPostProcessors (for example: not eligible for auto-proxying)
2021-01-13 13:06:20.432  INFO 24772 --- [restartedMain] trationDelegate$BeanPostProcessorChecker : Bean 'statFilter' of type [com.alibaba.druid.filter.stat.StatFilter] is not eligible for getting processed by all BeanPostProcessors (for example: not eligible for auto-proxying)
2021-01-13 13:06:22.239  INFO 24772 --- [restartedMain] com.alibaba.druid.pool.DruidDataSource   : {dataSource-1} inited
2021-01-13 13:06:22.240  INFO 24772 --- [restartedMain] trationDelegate$BeanPostProcessorChecker : Bean 'dataSource' of type [com.alibaba.druid.spring.boot.autoconfigure.DruidDataSourceWrapper] is not eligible for getting processed by all BeanPostProcessors (for example: not eligible for auto-proxying)
2021-01-13 13:06:22.349  INFO 24772 --- [restartedMain] trationDelegate$BeanPostProcessorChecker : Bean 'org.springframework.boot.autoconfigure.jdbc.DataSourceInitializerInvoker' of type [org.springframework.boot.autoconfigure.jdbc.DataSourceInitializerInvoker] is not eligible for getting processed by all BeanPostProcessors (for example: not eligible for auto-proxying)
2021-01-13 13:06:23.649  WARN 24772 --- [restartedMain] c.b.mybatisplus.toolkit.TableInfoHelper  : Warn: Could not find @TableId in Class: com.abc.entity.SysRolePerm.
2021-01-13 13:06:23.650  WARN 24772 --- [restartedMain] c.b.mybatisplus.mapper.AutoSqlInjector   : class com.abc.entity.SysRolePerm ,Not found @TableId annotation, Cannot use Mybatis-Plus 'xxById' Method.
2021-01-13 13:06:23.840  WARN 24772 --- [restartedMain] c.b.mybatisplus.toolkit.TableInfoHelper  : Warn: Could not find @TableId in Class: com.abc.entity.SysUserRole.
2021-01-13 13:06:23.841  WARN 24772 --- [restartedMain] c.b.mybatisplus.mapper.AutoSqlInjector   : class com.abc.entity.SysUserRole ,Not found @TableId annotation, Cannot use Mybatis-Plus 'xxById' Method.
2021-01-13 13:06:23.921  INFO 24772 --- [restartedMain] trationDelegate$BeanPostProcessorChecker : Bean 'sqlSessionFactory' of type [org.apache.ibatis.session.defaults.DefaultSqlSessionFactory] is not eligible for getting processed by all BeanPostProcessors (for example: not eligible for auto-proxying)
2021-01-13 13:06:23.939  INFO 24772 --- [restartedMain] trationDelegate$BeanPostProcessorChecker : Bean 'sqlSessionTemplate' of type [org.mybatis.spring.SqlSessionTemplate] is not eligible for getting processed by all BeanPostProcessors (for example: not eligible for auto-proxying)
2021-01-13 13:06:23.945  INFO 24772 --- [restartedMain] trationDelegate$BeanPostProcessorChecker : Bean 'sysUserMapper' of type [org.mybatis.spring.mapper.MapperFactoryBean] is not eligible for getting processed by all BeanPostProcessors (for example: not eligible for auto-proxying)
2021-01-13 13:06:23.956  INFO 24772 --- [restartedMain] trationDelegate$BeanPostProcessorChecker : Bean 'sysUserMapper' of type [com.sun.proxy.$Proxy92] is not eligible for getting processed by all BeanPostProcessors (for example: not eligible for auto-proxying)
2021-01-13 13:06:23.958  INFO 24772 --- [restartedMain] trationDelegate$BeanPostProcessorChecker : Bean 'sysUserServiceImpl' of type [com.abc.service.impl.SysUserServiceImpl] is not eligible for getting processed by all BeanPostProcessors (for example: not eligible for auto-proxying)
2021-01-13 13:06:24.139  INFO 24772 --- [restartedMain] trationDelegate$BeanPostProcessorChecker : Bean 'sysRoleMapper' of type [org.mybatis.spring.mapper.MapperFactoryBean] is not eligible for getting processed by all BeanPostProcessors (for example: not eligible for auto-proxying)
2021-01-13 13:06:24.142  INFO 24772 --- [restartedMain] trationDelegate$BeanPostProcessorChecker : Bean 'sysRoleMapper' of type [com.sun.proxy.$Proxy93] is not eligible for getting processed by all BeanPostProcessors (for example: not eligible for auto-proxying)
2021-01-13 13:06:24.144  INFO 24772 --- [restartedMain] trationDelegate$BeanPostProcessorChecker : Bean 'sysRoleServiceImpl' of type [com.abc.service.impl.SysRoleServiceImpl] is not eligible for getting processed by all BeanPostProcessors (for example: not eligible for auto-proxying)
2021-01-13 13:06:24.211  INFO 24772 --- [restartedMain] trationDelegate$BeanPostProcessorChecker : Bean 'sysPermMapper' of type [org.mybatis.spring.mapper.MapperFactoryBean] is not eligible for getting processed by all BeanPostProcessors (for example: not eligible for auto-proxying)
2021-01-13 13:06:24.213  INFO 24772 --- [restartedMain] trationDelegate$BeanPostProcessorChecker : Bean 'sysPermMapper' of type [com.sun.proxy.$Proxy94] is not eligible for getting processed by all BeanPostProcessors (for example: not eligible for auto-proxying)
2021-01-13 13:06:24.214  INFO 24772 --- [restartedMain] trationDelegate$BeanPostProcessorChecker : Bean 'sysPermServiceImpl' of type [com.abc.service.impl.SysPermServiceImpl] is not eligible for getting processed by all BeanPostProcessors (for example: not eligible for auto-proxying)
2021-01-13 13:06:24.250  INFO 24772 --- [restartedMain] trationDelegate$BeanPostProcessorChecker : Bean 'realm' of type [com.abc.shiro.UserRealm] is not eligible for getting processed by all BeanPostProcessors (for example: not eligible for auto-proxying)
2021-01-13 13:06:33.339  INFO 24772 --- [restartedMain] trationDelegate$BeanPostProcessorChecker : Bean 'sessionStorageEvaluator' of type [org.apache.shiro.web.mgt.DefaultWebSessionStorageEvaluator] is not eligible for getting processed by all BeanPostProcessors (for example: not eligible for auto-proxying)
2021-01-13 13:06:33.344  INFO 24772 --- [restartedMain] trationDelegate$BeanPostProcessorChecker : Bean 'subjectDAO' of type [org.apache.shiro.mgt.DefaultSubjectDAO] is not eligible for getting processed by all BeanPostProcessors (for example: not eligible for auto-proxying)
2021-01-13 13:06:33.350  INFO 24772 --- [restartedMain] trationDelegate$BeanPostProcessorChecker : Bean 'subjectFactory' of type [org.apache.shiro.web.mgt.DefaultWebSubjectFactory] is not eligible for getting processed by all BeanPostProcessors (for example: not eligible for auto-proxying)
2021-01-13 13:06:33.355  INFO 24772 --- [restartedMain] trationDelegate$BeanPostProcessorChecker : Bean 'rememberMeCookieTemplate' of type [org.apache.shiro.web.servlet.SimpleCookie] is not eligible for getting processed by all BeanPostProcessors (for example: not eligible for auto-proxying)
2021-01-13 13:06:33.363  INFO 24772 --- [restartedMain] trationDelegate$BeanPostProcessorChecker : Bean 'rememberMeManager' of type [org.apache.shiro.web.mgt.CookieRememberMeManager] is not eligible for getting processed by all BeanPostProcessors (for example: not eligible for auto-proxying)
2021-01-13 13:06:33.373  INFO 24772 --- [restartedMain] trationDelegate$BeanPostProcessorChecker : Bean 'authenticationStrategy' of type [org.apache.shiro.authc.pam.AtLeastOneSuccessfulStrategy] is not eligible for getting processed by all BeanPostProcessors (for example: not eligible for auto-proxying)
2021-01-13 13:06:33.381  INFO 24772 --- [restartedMain] trationDelegate$BeanPostProcessorChecker : Bean 'authenticator' of type [org.apache.shiro.authc.pam.ModularRealmAuthenticator] is not eligible for getting processed by all BeanPostProcessors (for example: not eligible for auto-proxying)
2021-01-13 13:06:33.392  INFO 24772 --- [restartedMain] trationDelegate$BeanPostProcessorChecker : Bean 'authorizer' of type [org.apache.shiro.authz.ModularRealmAuthorizer] is not eligible for getting processed by all BeanPostProcessors (for example: not eligible for auto-proxying)
2021-01-13 13:06:33.399  INFO 24772 --- [restartedMain] trationDelegate$BeanPostProcessorChecker : Bean 'sessionManager' of type [org.apache.shiro.web.session.mgt.ServletContainerSessionManager] is not eligible for getting processed by all BeanPostProcessors (for example: not eligible for auto-proxying)
2021-01-13 13:06:33.415  INFO 24772 --- [restartedMain] trationDelegate$BeanPostProcessorChecker : Bean 'securityManager' of type [org.apache.shiro.web.mgt.DefaultWebSecurityManager] is not eligible for getting processed by all BeanPostProcessors (for example: not eligible for auto-proxying)
2021-01-13 13:06:33.458  INFO 24772 --- [restartedMain] trationDelegate$BeanPostProcessorChecker : Bean 'authorizationAttributeSourceAdvisor' of type [org.apache.shiro.spring.security.interceptor.AuthorizationAttributeSourceAdvisor] is not eligible for getting processed by all BeanPostProcessors (for example: not eligible for auto-proxying)
2021-01-13 13:06:33.490  INFO 24772 --- [restartedMain] trationDelegate$BeanPostProcessorChecker : Bean 'shiroFilterChainDefinition' of type [org.apache.shiro.spring.web.config.DefaultShiroFilterChainDefinition] is not eligible for getting processed by all BeanPostProcessors (for example: not eligible for auto-proxying)
2021-01-13 13:06:33.492  INFO 24772 --- [restartedMain] trationDelegate$BeanPostProcessorChecker : Bean 'org.apache.shiro.spring.config.web.autoconfigure.ShiroWebFilterConfiguration' of type [org.apache.shiro.spring.config.web.autoconfigure.ShiroWebFilterConfiguration$$EnhancerBySpringCGLIB$$a041950a] is not eligible for getting processed by all BeanPostProcessors (for example: not eligible for auto-proxying)
2021-01-13 13:06:34.887  INFO 24772 --- [restartedMain] o.s.b.w.embedded.tomcat.TomcatWebServer  : Tomcat initialized with port(s): 8888 (http)
2021-01-13 13:06:35.033  INFO 24772 --- [restartedMain] o.apache.catalina.core.StandardService   : Starting service [Tomcat]
2021-01-13 13:06:35.034  INFO 24772 --- [restartedMain] org.apache.catalina.core.StandardEngine  : Starting Servlet Engine: Apache Tomcat/8.5.29
2021-01-13 13:06:35.412  INFO 24772 --- [localhost-startStop-1] o.a.catalina.core.AprLifecycleListener   : The APR based Apache Tomcat Native library which allows optimal performance in production environments was not found on the java.library.path: [D:\Java\jdk1.8.0_161\bin;C:\WINDOWS\Sun\Java\bin;C:\WINDOWS\system32;C:\WINDOWS;C:\Program Files\NVIDIA GPU Computing Toolkit\CUDA\v9.0\bin;C:\Program Files\NVIDIA GPU Computing Toolkit\CUDA\v9.0\libnvvp;D:\TortoiseGit\bin;D:\Java\jdk1.8.0_161\bin;D:\Android\Sdk\platform-tools;C:\WINDOWS\system32;C:\WINDOWS;C:\WINDOWS\system32\wbem;C:\Program Files (x86)\Microsoft SQL Server\80\Tools\Binn\;C:\Program Files (x86)\Microsoft SQL Server\90\Tools\binn\;C:\Program Files\Microsoft SQL Server\Client SDK\ODBC\130\Tools\Binn\;C:\Program Files (x86)\Microsoft SQL Server\140\Tools\Binn\;C:\Program Files\Microsoft SQL Server\140\Tools\Binn\;C:\Program Files\Microsoft SQL Server\140\DTS\Binn\;C:\Program Files (x86)\Microsoft SQL Server\Client SDK\ODBC\130\Tools\Binn\;C:\Program Files (x86)\Microsoft SQL Server\140\DTS\Binn\;C:\Program Files (x86)\Microsoft SQL Server\140\Tools\Binn\ManagementStudio\;C:\Program Files (x86)\Common Files\Thunder Network\KanKan\Codecs;C:\WINDOWS\System32\Wbem;C:\WINDOWS\System32\WindowsPowerShell\v1.0\;C:\WINDOWS\System32\OpenSSH\;C:\Program Files\NVIDIA Corporation\NVIDIA NvDLISR;C:\Program Files (x86)\NVIDIA Corporation\PhysX\Common;D:\BaiduNetdiskDownload\hadoop-2.7.1\bin;D:\anaconda3\Scripts;D:\Git\cmd;C:\Program Files\nodejs\;D:\mysql-8.0.22-winx64\bin;D:\gradle-4.6\bin;C:\Users\包克洋\AppData\Local\Microsoft\WindowsApps;D:\PyCharm 2019.2.5\bin;;D:\Microsoft VS Code\bin;C:\Users\包克洋\AppData\Roaming\npm;.]
2021-01-13 13:06:35.808  INFO 24772 --- [localhost-startStop-1] o.a.c.c.C.[.[localhost].[/api/v1]        : Initializing Spring embedded WebApplicationContext
2021-01-13 13:06:35.808  INFO 24772 --- [localhost-startStop-1] o.s.web.context.ContextLoader            : Root WebApplicationContext: initialization completed in 22946 ms
2021-01-13 13:06:36.802  INFO 24772 --- [localhost-startStop-1] o.s.b.w.servlet.ServletRegistrationBean  : Servlet dispatcherServlet mapped to [/]
2021-01-13 13:06:36.823  INFO 24772 --- [localhost-startStop-1] o.s.b.w.servlet.ServletRegistrationBean  : Servlet statViewServlet mapped to [/druid/*]
2021-01-13 13:06:36.836  INFO 24772 --- [localhost-startStop-1] o.s.b.w.servlet.FilterRegistrationBean   : Mapping filter: 'characterEncodingFilter' to: [/*]
2021-01-13 13:06:36.837  INFO 24772 --- [localhost-startStop-1] o.s.b.w.servlet.FilterRegistrationBean   : Mapping filter: 'hiddenHttpMethodFilter' to: [/*]
2021-01-13 13:06:36.838  INFO 24772 --- [localhost-startStop-1] o.s.b.w.servlet.FilterRegistrationBean   : Mapping filter: 'httpPutFormContentFilter' to: [/*]
2021-01-13 13:06:36.839  INFO 24772 --- [localhost-startStop-1] o.s.b.w.servlet.FilterRegistrationBean   : Mapping filter: 'requestContextFilter' to: [/*]
2021-01-13 13:06:36.842  INFO 24772 --- [localhost-startStop-1] o.s.b.w.servlet.FilterRegistrationBean   : Mapping filter: 'webStatFilter' to urls: [/*]
2021-01-13 13:06:36.843  INFO 24772 --- [localhost-startStop-1] o.s.b.w.servlet.FilterRegistrationBean   : Mapping filter: 'corsFilter' to: [/*]
2021-01-13 13:06:36.844  INFO 24772 --- [localhost-startStop-1] o.s.b.w.servlet.FilterRegistrationBean   : Mapping filter: 'shiroFilterFactoryBean' to: [/*]
2021-01-13 13:06:39.444  INFO 24772 --- [restartedMain] s.w.s.m.m.a.RequestMappingHandlerMapping : Mapped "{[/analysis/emotion],methods=[POST]}" onto public com.abc.vo.Json com.abc.controller.AttentionAnalysisController.EmotionAnalysis(java.lang.String)
2021-01-13 13:06:39.445  INFO 24772 --- [restartedMain] s.w.s.m.m.a.RequestMappingHandlerMapping : Mapped "{[/analysis],methods=[POST]}" onto public com.abc.vo.Json com.abc.controller.AttentionAnalysisController.AttentionAnalysis(java.lang.String)
2021-01-13 13:06:39.447  INFO 24772 --- [restartedMain] s.w.s.m.m.a.RequestMappingHandlerMapping : Mapped "{[/auth/info],methods=[GET]}" onto public com.abc.vo.Json com.abc.controller.basicController.AuthController.info()
2021-01-13 13:06:39.448  INFO 24772 --- [restartedMain] s.w.s.m.m.a.RequestMappingHandlerMapping : Mapped "{[/auth/logout],methods=[POST]}" onto public com.abc.vo.Json com.abc.controller.basicController.AuthController.logout()
2021-01-13 13:06:39.448  INFO 24772 --- [restartedMain] s.w.s.m.m.a.RequestMappingHandlerMapping : Mapped "{[/auth/page/401]}" onto public com.abc.vo.Json com.abc.controller.basicController.AuthController.page401()
2021-01-13 13:06:39.448  INFO 24772 --- [restartedMain] s.w.s.m.m.a.RequestMappingHandlerMapping : Mapped "{[/auth/page/index]}" onto public com.abc.vo.Json com.abc.controller.basicController.AuthController.pageIndex()
2021-01-13 13:06:39.448  INFO 24772 --- [restartedMain] s.w.s.m.m.a.RequestMappingHandlerMapping : Mapped "{[/auth/login],methods=[POST]}" onto public com.abc.vo.Json com.abc.controller.basicController.AuthController.login(java.lang.String)
2021-01-13 13:06:39.449  INFO 24772 --- [restartedMain] s.w.s.m.m.a.RequestMappingHandlerMapping : Mapped "{[/auth/page/403]}" onto public com.abc.vo.Json com.abc.controller.basicController.AuthController.page403()
2021-01-13 13:06:39.449  INFO 24772 --- [restartedMain] s.w.s.m.m.a.RequestMappingHandlerMapping : Mapped "{[/option/role],methods=[GET]}" onto public com.abc.vo.Json com.abc.controller.basicController.OptionController.listRoleOptions()
2021-01-13 13:06:39.453  INFO 24772 --- [restartedMain] s.w.s.m.m.a.RequestMappingHandlerMapping : Mapped "{[/sys_perm],methods=[POST]}" onto public com.abc.vo.Json com.abc.controller.basicController.SysPermController.add(java.lang.String)
2021-01-13 13:06:39.454  INFO 24772 --- [restartedMain] s.w.s.m.m.a.RequestMappingHandlerMapping : Mapped "{[/sys_perm/info],methods=[PATCH]}" onto public com.abc.vo.Json com.abc.controller.basicController.SysPermController.update(java.lang.String)
2021-01-13 13:06:39.458  INFO 24772 --- [restartedMain] s.w.s.m.m.a.RequestMappingHandlerMapping : Mapped "{[/sys_perm],methods=[DELETE]}" onto public com.abc.vo.Json com.abc.controller.basicController.SysPermController.delete(java.lang.String)
2021-01-13 13:06:39.459  INFO 24772 --- [restartedMain] s.w.s.m.m.a.RequestMappingHandlerMapping : Mapped "{[/sys_perm/list/btn_perm_map],methods=[GET]}" onto public com.abc.vo.Json com.abc.controller.basicController.SysPermController.listButtonPermMapGroupByParent()
2021-01-13 13:06:39.459  INFO 24772 --- [restartedMain] s.w.s.m.m.a.RequestMappingHandlerMapping : Mapped "{[/sys_perm/sync/menu],methods=[POST]}" onto public com.abc.vo.Json com.abc.controller.basicController.SysPermController.syncMenuPermission(java.lang.String)
2021-01-13 13:06:39.459  INFO 24772 --- [restartedMain] s.w.s.m.m.a.RequestMappingHandlerMapping : Mapped "{[/sys_perm/sync/api],methods=[POST]}" onto public com.abc.vo.Json com.abc.controller.basicController.SysPermController.syncApiPermission(java.lang.String)
2021-01-13 13:06:39.460  INFO 24772 --- [restartedMain] s.w.s.m.m.a.RequestMappingHandlerMapping : Mapped "{[/sys_perm/list/all],methods=[GET]}" onto public com.abc.vo.Json com.abc.controller.basicController.SysPermController.listAllPermission()
2021-01-13 13:06:39.460  INFO 24772 --- [restartedMain] s.w.s.m.m.a.RequestMappingHandlerMapping : Mapped "{[/sys_perm/meta/api],methods=[GET]}" onto public com.abc.vo.Json com.abc.controller.basicController.SysPermController.listApiPermMetadata()
2021-01-13 13:06:39.462  INFO 24772 --- [restartedMain] s.w.s.m.m.a.RequestMappingHandlerMapping : Mapped "{[/sys_role],methods=[POST]}" onto public com.abc.vo.Json com.abc.controller.basicController.SysRoleController.add(java.lang.String)
2021-01-13 13:06:39.463  INFO 24772 --- [restartedMain] s.w.s.m.m.a.RequestMappingHandlerMapping : Mapped "{[/sys_role/info],methods=[PATCH]}" onto public com.abc.vo.Json com.abc.controller.basicController.SysRoleController.update(java.lang.String)
2021-01-13 13:06:39.463  INFO 24772 --- [restartedMain] s.w.s.m.m.a.RequestMappingHandlerMapping : Mapped "{[/sys_role],methods=[DELETE]}" onto public com.abc.vo.Json com.abc.controller.basicController.SysRoleController.delete(java.lang.String)
2021-01-13 13:06:39.463  INFO 24772 --- [restartedMain] s.w.s.m.m.a.RequestMappingHandlerMapping : Mapped "{[/sys_role/query],methods=[POST]}" onto public com.abc.vo.Json com.abc.controller.basicController.SysRoleController.query(java.lang.String)
2021-01-13 13:06:39.463  INFO 24772 --- [restartedMain] s.w.s.m.m.a.RequestMappingHandlerMapping : Mapped "{[/sys_role/perm],methods=[DELETE]}" onto public com.abc.vo.Json com.abc.controller.basicController.SysRoleController.deletePerm(java.lang.String)
2021-01-13 13:06:39.464  INFO 24772 --- [restartedMain] s.w.s.m.m.a.RequestMappingHandlerMapping : Mapped "{[/sys_role/perm],methods=[PATCH]}" onto public com.abc.vo.Json com.abc.controller.basicController.SysRoleController.updateRolePerm(com.abc.vo.UpdateRolePermVo)
2021-01-13 13:06:39.464  INFO 24772 --- [restartedMain] s.w.s.m.m.a.RequestMappingHandlerMapping : Mapped "{[/sys_role/{rid}/perms],methods=[GET]}" onto public com.abc.vo.Json com.abc.controller.basicController.SysRoleController.findRolePerms(java.lang.String)
2021-01-13 13:06:39.464  INFO 24772 --- [restartedMain] s.w.s.m.m.a.RequestMappingHandlerMapping : Mapped "{[/sys_role/perm],methods=[POST]}" onto public com.abc.vo.Json com.abc.controller.basicController.SysRoleController.addPerm(java.lang.String)
2021-01-13 13:06:39.466  INFO 24772 --- [restartedMain] s.w.s.m.m.a.RequestMappingHandlerMapping : Mapped "{[/sys_user],methods=[POST]}" onto public com.abc.vo.Json com.abc.controller.basicController.SysUserController.add(java.lang.String)
2021-01-13 13:06:39.466  INFO 24772 --- [restartedMain] s.w.s.m.m.a.RequestMappingHandlerMapping : Mapped "{[/sys_user/info],methods=[PATCH]}" onto public com.abc.vo.Json com.abc.controller.basicController.SysUserController.update(java.lang.String)
2021-01-13 13:06:39.467  INFO 24772 --- [restartedMain] s.w.s.m.m.a.RequestMappingHandlerMapping : Mapped "{[/sys_user],methods=[DELETE]}" onto public com.abc.vo.Json com.abc.controller.basicController.SysUserController.delete(java.lang.String)
2021-01-13 13:06:39.467  INFO 24772 --- [restartedMain] s.w.s.m.m.a.RequestMappingHandlerMapping : Mapped "{[/sys_user/query],methods=[POST]}" onto public com.abc.vo.Json com.abc.controller.basicController.SysUserController.query(java.lang.String)
2021-01-13 13:06:39.467  INFO 24772 --- [restartedMain] s.w.s.m.m.a.RequestMappingHandlerMapping : Mapped "{[/sys_user/info],methods=[GET]}" onto public com.abc.vo.Json com.abc.controller.basicController.SysUserController.userInfo()
2021-01-13 13:06:39.467  INFO 24772 --- [restartedMain] s.w.s.m.m.a.RequestMappingHandlerMapping : Mapped "{[/sys_user/pwd],methods=[PATCH]}" onto public com.abc.vo.Json com.abc.controller.basicController.SysUserController.updatePwd(java.lang.String)
2021-01-13 13:06:39.467  INFO 24772 --- [restartedMain] s.w.s.m.m.a.RequestMappingHandlerMapping : Mapped "{[/sys_user/{uid}/roles],methods=[GET]}" onto public com.abc.vo.Json com.abc.controller.basicController.SysUserController.findUserRoles(java.lang.String)
2021-01-13 13:06:39.468  INFO 24772 --- [restartedMain] s.w.s.m.m.a.RequestMappingHandlerMapping : Mapped "{[/sys_user/role],methods=[PATCH]}" onto public com.abc.vo.Json com.abc.controller.basicController.SysUserController.updateUserRole(java.lang.String)
2021-01-13 13:06:39.493  INFO 24772 --- [restartedMain] s.w.s.m.m.a.RequestMappingHandlerMapping : Mapped "{[/test/js],methods=[GET]}" onto public java.lang.String com.abc.controller.basicController.TestController.js()
2021-01-13 13:06:39.494  INFO 24772 --- [restartedMain] s.w.s.m.m.a.RequestMappingHandlerMapping : Mapped "{[/test/user],methods=[GET]}" onto public java.lang.String com.abc.controller.basicController.TestController.user()
2021-01-13 13:06:39.494  INFO 24772 --- [restartedMain] s.w.s.m.m.a.RequestMappingHandlerMapping : Mapped "{[/test/authn],methods=[GET]}" onto public java.lang.String com.abc.controller.basicController.TestController.authn()
2021-01-13 13:06:39.495  INFO 24772 --- [restartedMain] s.w.s.m.m.a.RequestMappingHandlerMapping : Mapped "{[/test/gradleBuild],methods=[GET]}" onto public java.lang.String com.abc.controller.basicController.TestController.gradleBuild()
2021-01-13 13:06:39.495  INFO 24772 --- [restartedMain] s.w.s.m.m.a.RequestMappingHandlerMapping : Mapped "{[/test/testAop],methods=[GET]}" onto public java.lang.String com.abc.controller.basicController.TestController.testAop(java.lang.String)
2021-01-13 13:06:39.496  INFO 24772 --- [restartedMain] s.w.s.m.m.a.RequestMappingHandlerMapping : Mapped "{[/test/mvnInstall],methods=[GET]}" onto public java.lang.String com.abc.controller.basicController.TestController.mvnInstall()
2021-01-13 13:06:39.496  INFO 24772 --- [restartedMain] s.w.s.m.m.a.RequestMappingHandlerMapping : Mapped "{[/test/hello],methods=[GET]}" onto public java.lang.String com.abc.controller.basicController.TestController.hello()
2021-01-13 13:06:39.498  INFO 24772 --- [restartedMain] s.w.s.m.m.a.RequestMappingHandlerMapping : Mapped "{[/test/guest],methods=[GET]}" onto public java.lang.String com.abc.controller.basicController.TestController.guest()
2021-01-13 13:06:39.498  INFO 24772 --- [restartedMain] s.w.s.m.m.a.RequestMappingHandlerMapping : Mapped "{[/test/python],methods=[GET]}" onto public java.lang.String com.abc.controller.basicController.TestController.python()
2021-01-13 13:06:39.499  INFO 24772 --- [restartedMain] s.w.s.m.m.a.RequestMappingHandlerMapping : Mapped "{[/student/has_course],methods=[POST]}" onto public com.abc.vo.Json com.abc.controller.StudentController.queryOngoingStudentCourse(java.lang.String)
2021-01-13 13:06:39.500  INFO 24772 --- [restartedMain] s.w.s.m.m.a.RequestMappingHandlerMapping : Mapped "{[/student/query_all_course],methods=[POST]}" onto public com.abc.vo.Json com.abc.controller.StudentController.queryStudentAllCourse(java.lang.String)
2021-01-13 13:06:39.506  INFO 24772 --- [restartedMain] s.w.s.m.m.a.RequestMappingHandlerMapping : Mapped "{[/teacher/testAop],methods=[POST]}" onto public java.lang.String com.abc.controller.TeacherController.testAop(java.lang.String)
2021-01-13 13:06:39.506  INFO 24772 --- [restartedMain] s.w.s.m.m.a.RequestMappingHandlerMapping : Mapped "{[/teacher/query_courses],methods=[POST]}" onto com.abc.vo.Json com.abc.controller.TeacherController.queryCoursesOfTeacher(java.lang.String)
2021-01-13 13:06:39.506  INFO 24772 --- [restartedMain] s.w.s.m.m.a.RequestMappingHandlerMapping : Mapped "{[/teacher/query_student],methods=[POST]}" onto com.abc.vo.Json com.abc.controller.TeacherController.queryStudentFromTeacher(java.lang.String)
2021-01-13 13:06:39.506  INFO 24772 --- [restartedMain] s.w.s.m.m.a.RequestMappingHandlerMapping : Mapped "{[/teacher/query_class_concentration],methods=[POST]}" onto com.abc.vo.Json com.abc.controller.TeacherController.queryClassConcentration(java.lang.String) throws java.lang.CloneNotSupportedException,java.text.ParseException
2021-01-13 13:06:39.506  INFO 24772 --- [restartedMain] s.w.s.m.m.a.RequestMappingHandlerMapping : Mapped "{[/teacher/query_concentration],methods=[POST]}" onto com.abc.vo.Json com.abc.controller.TeacherController.queryStudentConcentration(java.lang.String)
2021-01-13 13:06:39.509  INFO 24772 --- [restartedMain] s.w.s.m.m.a.RequestMappingHandlerMapping : Mapped "{[/swagger-resources/configuration/ui]}" onto public org.springframework.http.ResponseEntity<springfox.documentation.swagger.web.UiConfiguration> springfox.documentation.swagger.web.ApiResourceController.uiConfiguration()
2021-01-13 13:06:39.510  INFO 24772 --- [restartedMain] s.w.s.m.m.a.RequestMappingHandlerMapping : Mapped "{[/swagger-resources]}" onto public org.springframework.http.ResponseEntity<java.util.List<springfox.documentation.swagger.web.SwaggerResource>> springfox.documentation.swagger.web.ApiResourceController.swaggerResources()
2021-01-13 13:06:39.511  INFO 24772 --- [restartedMain] s.w.s.m.m.a.RequestMappingHandlerMapping : Mapped "{[/swagger-resources/configuration/security]}" onto public org.springframework.http.ResponseEntity<springfox.documentation.swagger.web.SecurityConfiguration> springfox.documentation.swagger.web.ApiResourceController.securityConfiguration()
2021-01-13 13:06:39.514  INFO 24772 --- [restartedMain] s.w.s.m.m.a.RequestMappingHandlerMapping : Mapped "{[/error]}" onto public org.springframework.http.ResponseEntity<java.util.Map<java.lang.String, java.lang.Object>> org.springframework.boot.autoconfigure.web.servlet.error.BasicErrorController.error(javax.servlet.http.HttpServletRequest)
2021-01-13 13:06:39.515  INFO 24772 --- [restartedMain] s.w.s.m.m.a.RequestMappingHandlerMapping : Mapped "{[/error],produces=[text/html]}" onto public org.springframework.web.servlet.ModelAndView org.springframework.boot.autoconfigure.web.servlet.error.BasicErrorController.errorHtml(javax.servlet.http.HttpServletRequest,javax.servlet.http.HttpServletResponse)
2021-01-13 13:06:40.263  INFO 24772 --- [restartedMain] pertySourcedRequestMappingHandlerMapping : Mapped URL path [/v2/api-docs] onto method [public org.springframework.http.ResponseEntity<springfox.documentation.spring.web.json.Json> springfox.documentation.swagger2.web.Swagger2Controller.getDocumentation(java.lang.String,javax.servlet.http.HttpServletRequest)]
2021-01-13 13:06:40.370  INFO 24772 --- [restartedMain] o.s.s.concurrent.ThreadPoolTaskExecutor  : Initializing ExecutorService 
2021-01-13 13:06:40.371  INFO 24772 --- [restartedMain] com.abc.config.TaskExecutorConfig        : 线程池A-Thread配置成功
2021-01-13 13:06:40.408  INFO 24772 --- [restartedMain] o.s.s.concurrent.ThreadPoolTaskExecutor  : Initializing ExecutorService  'asyncPromiseExecutor'
2021-01-13 13:06:40.633  INFO 24772 --- [restartedMain] o.s.w.s.handler.SimpleUrlHandlerMapping  : Mapped URL path [/**/favicon.ico] onto handler of type [class org.springframework.web.servlet.resource.ResourceHttpRequestHandler]
2021-01-13 13:06:42.090  INFO 24772 --- [restartedMain] s.w.s.m.m.a.RequestMappingHandlerAdapter : Looking for @ControllerAdvice: org.springframework.boot.web.servlet.context.AnnotationConfigServletWebServerApplicationContext@709b7bad: startup date [Wed Jan 13 13:06:12 CST 2021]; root of context hierarchy
2021-01-13 13:06:42.331  INFO 24772 --- [restartedMain] o.s.w.s.handler.SimpleUrlHandlerMapping  : Mapped URL path [/webjars/**] onto handler of type [class org.springframework.web.servlet.resource.ResourceHttpRequestHandler]
2021-01-13 13:06:42.334  INFO 24772 --- [restartedMain] o.s.w.s.handler.SimpleUrlHandlerMapping  : Mapped URL path [/**] onto handler of type [class org.springframework.web.servlet.resource.ResourceHttpRequestHandler]
2021-01-13 13:06:42.383  INFO 24772 --- [restartedMain] .m.m.a.ExceptionHandlerExceptionResolver : Detected @ExceptionHandler methods in globalExceptionHandler
2021-01-13 13:06:43.312  INFO 24772 --- [restartedMain] o.s.b.d.a.OptionalLiveReloadServer       : LiveReload server is running on port 35729
2021-01-13 13:06:43.362  INFO 24772 --- [restartedMain] o.s.j.e.a.AnnotationMBeanExporter        : Registering beans for JMX exposure on startup
2021-01-13 13:06:43.366  INFO 24772 --- [restartedMain] o.s.j.e.a.AnnotationMBeanExporter        : Bean with name 'statFilter' has been autodetected for JMX exposure
2021-01-13 13:06:43.366  INFO 24772 --- [restartedMain] o.s.j.e.a.AnnotationMBeanExporter        : Bean with name 'dataSource' has been autodetected for JMX exposure
2021-01-13 13:06:43.373  INFO 24772 --- [restartedMain] o.s.j.e.a.AnnotationMBeanExporter        : Located MBean 'dataSource': registering with JMX server as MBean [com.alibaba.druid.spring.boot.autoconfigure:name=dataSource,type=DruidDataSourceWrapper]
2021-01-13 13:06:43.376  INFO 24772 --- [restartedMain] o.s.j.e.a.AnnotationMBeanExporter        : Located MBean 'statFilter': registering with JMX server as MBean [com.alibaba.druid.filter.stat:name=statFilter,type=StatFilter]
2021-01-13 13:06:43.388  INFO 24772 --- [restartedMain] o.s.c.support.DefaultLifecycleProcessor  : Starting beans in phase 2147483647
2021-01-13 13:06:43.388  INFO 24772 --- [restartedMain] d.s.w.p.DocumentationPluginsBootstrapper : Context refreshed
2021-01-13 13:06:43.430  INFO 24772 --- [restartedMain] d.s.w.p.DocumentationPluginsBootstrapper : Found 1 custom documentation plugin(s)
2021-01-13 13:06:43.487  INFO 24772 --- [restartedMain] s.d.s.w.s.ApiListingReferenceScanner     : Scanning for api listing references
2021-01-13 13:06:43.727  INFO 24772 --- [restartedMain] .d.s.w.r.o.CachingOperationNameGenerator : Generating unique operation named: addUsingPOST_1
2021-01-13 13:06:43.729  INFO 24772 --- [restartedMain] .d.s.w.r.o.CachingOperationNameGenerator : Generating unique operation named: deleteUsingDELETE_1
2021-01-13 13:06:43.742  INFO 24772 --- [restartedMain] .d.s.w.r.o.CachingOperationNameGenerator : Generating unique operation named: updateUsingPATCH_1
2021-01-13 13:06:43.751  INFO 24772 --- [restartedMain] .d.s.w.r.o.CachingOperationNameGenerator : Generating unique operation named: addUsingPOST_2
2021-01-13 13:06:43.753  INFO 24772 --- [restartedMain] .d.s.w.r.o.CachingOperationNameGenerator : Generating unique operation named: deleteUsingDELETE_2
2021-01-13 13:06:43.756  INFO 24772 --- [restartedMain] .d.s.w.r.o.CachingOperationNameGenerator : Generating unique operation named: queryUsingPOST_1
2021-01-13 13:06:43.758  INFO 24772 --- [restartedMain] .d.s.w.r.o.CachingOperationNameGenerator : Generating unique operation named: updateUsingPATCH_2
2021-01-13 13:06:43.870  INFO 24772 --- [restartedMain] o.s.b.w.embedded.tomcat.TomcatWebServer  : Tomcat started on port(s): 8888 (http) with context path '/api/v1'
2021-01-13 13:06:43.920  INFO 24772 --- [restartedMain] com.abc.ServerApplication                : Started ServerApplication in 33.559 seconds (JVM running for 37.816)
2021-01-13 18:46:43.893  INFO 8388 --- [restartedMain] com.abc.ServerApplication                : Starting ServerApplication on DESKTOP-SITK6A8 with PID 8388 (E:\git\biu-master\server\out\production\classes started by hasee in E:\git\biu-master)
2021-01-13 18:46:43.893  INFO 8388 --- [restartedMain] com.abc.ServerApplication                : The following profiles are active: druid,mybatisplus,shiro,swagger,dev
2021-01-13 18:46:43.933  INFO 8388 --- [restartedMain] ConfigServletWebServerApplicationContext : Refreshing org.springframework.boot.web.servlet.context.AnnotationConfigServletWebServerApplicationContext@75c53c10: startup date [Wed Jan 13 18:46:43 CST 2021]; root of context hierarchy
2021-01-13 18:46:45.912  INFO 8388 --- [restartedMain] trationDelegate$BeanPostProcessorChecker : Bean 'org.apache.shiro.spring.boot.autoconfigure.ShiroBeanAutoConfiguration' of type [org.apache.shiro.spring.boot.autoconfigure.ShiroBeanAutoConfiguration$$EnhancerBySpringCGLIB$$bfdf623f] is not eligible for getting processed by all BeanPostProcessors (for example: not eligible for auto-proxying)
2021-01-13 18:46:46.052  INFO 8388 --- [restartedMain] trationDelegate$BeanPostProcessorChecker : Bean 'org.springframework.transaction.annotation.ProxyTransactionManagementConfiguration' of type [org.springframework.transaction.annotation.ProxyTransactionManagementConfiguration$$EnhancerBySpringCGLIB$$acc6848f] is not eligible for getting processed by all BeanPostProcessors (for example: not eligible for auto-proxying)
2021-01-13 18:46:46.162  INFO 8388 --- [restartedMain] trationDelegate$BeanPostProcessorChecker : Bean 'org.apache.shiro.spring.boot.autoconfigure.ShiroAnnotationProcessorAutoConfiguration' of type [org.apache.shiro.spring.boot.autoconfigure.ShiroAnnotationProcessorAutoConfiguration$$EnhancerBySpringCGLIB$$c272a0e4] is not eligible for getting processed by all BeanPostProcessors (for example: not eligible for auto-proxying)
2021-01-13 18:46:46.182  INFO 8388 --- [restartedMain] trationDelegate$BeanPostProcessorChecker : Bean 'eventBus' of type [org.apache.shiro.event.support.DefaultEventBus] is not eligible for getting processed by all BeanPostProcessors (for example: not eligible for auto-proxying)
2021-01-13 18:46:46.212  INFO 8388 --- [restartedMain] trationDelegate$BeanPostProcessorChecker : Bean 'org.apache.shiro.spring.config.web.autoconfigure.ShiroWebAutoConfiguration' of type [org.apache.shiro.spring.config.web.autoconfigure.ShiroWebAutoConfiguration$$EnhancerBySpringCGLIB$$e47bc2a9] is not eligible for getting processed by all BeanPostProcessors (for example: not eligible for auto-proxying)
2021-01-13 18:46:46.222  INFO 8388 --- [restartedMain] trationDelegate$BeanPostProcessorChecker : Bean 'shiroConfig' of type [com.abc.config.ShiroConfig$$EnhancerBySpringCGLIB$$6af3b3d4] is not eligible for getting processed by all BeanPostProcessors (for example: not eligible for auto-proxying)
2021-01-13 18:46:46.292  INFO 8388 --- [restartedMain] trationDelegate$BeanPostProcessorChecker : Bean 'org.springframework.boot.context.properties.ConversionServiceDeducer$Factory' of type [org.springframework.boot.context.properties.ConversionServiceDeducer$Factory] is not eligible for getting processed by all BeanPostProcessors (for example: not eligible for auto-proxying)
2021-01-13 18:46:46.412  INFO 8388 --- [restartedMain] trationDelegate$BeanPostProcessorChecker : Bean 'mybatis-plus-com.baomidou.mybatisplus.spring.boot.starter.MybatisPlusProperties' of type [com.baomidou.mybatisplus.spring.boot.starter.MybatisPlusProperties] is not eligible for getting processed by all BeanPostProcessors (for example: not eligible for auto-proxying)
2021-01-13 18:46:46.422  INFO 8388 --- [restartedMain] trationDelegate$BeanPostProcessorChecker : Bean 'myBatisPlusConfig' of type [com.abc.config.MyBatisPlusConfig$$EnhancerBySpringCGLIB$$9c1e3c90] is not eligible for getting processed by all BeanPostProcessors (for example: not eligible for auto-proxying)
2021-01-13 18:46:46.432  INFO 8388 --- [restartedMain] trationDelegate$BeanPostProcessorChecker : Bean 'paginationInterceptor' of type [com.baomidou.mybatisplus.plugins.PaginationInterceptor] is not eligible for getting processed by all BeanPostProcessors (for example: not eligible for auto-proxying)
2021-01-13 18:46:46.442  INFO 8388 --- [restartedMain] trationDelegate$BeanPostProcessorChecker : Bean 'com.baomidou.mybatisplus.spring.boot.starter.MybatisPlusAutoConfiguration' of type [com.baomidou.mybatisplus.spring.boot.starter.MybatisPlusAutoConfiguration$$EnhancerBySpringCGLIB$$fa6622ec] is not eligible for getting processed by all BeanPostProcessors (for example: not eligible for auto-proxying)
2021-01-13 18:46:46.452  INFO 8388 --- [restartedMain] trationDelegate$BeanPostProcessorChecker : Bean 'com.alibaba.druid.spring.boot.autoconfigure.DruidDataSourceAutoConfigure' of type [com.alibaba.druid.spring.boot.autoconfigure.DruidDataSourceAutoConfigure$$EnhancerBySpringCGLIB$$c6727a01] is not eligible for getting processed by all BeanPostProcessors (for example: not eligible for auto-proxying)
2021-01-13 18:46:46.452  INFO 8388 --- [restartedMain] c.a.d.s.b.a.DruidDataSourceAutoConfigure : Init DruidDataSource
2021-01-13 18:46:46.502  INFO 8388 --- [restartedMain] trationDelegate$BeanPostProcessorChecker : Bean 'spring.datasource-org.springframework.boot.autoconfigure.jdbc.DataSourceProperties' of type [org.springframework.boot.autoconfigure.jdbc.DataSourceProperties] is not eligible for getting processed by all BeanPostProcessors (for example: not eligible for auto-proxying)
2021-01-13 18:46:46.522  INFO 8388 --- [restartedMain] trationDelegate$BeanPostProcessorChecker : Bean 'com.alibaba.druid.spring.boot.autoconfigure.stat.DruidFilterConfiguration' of type [com.alibaba.druid.spring.boot.autoconfigure.stat.DruidFilterConfiguration] is not eligible for getting processed by all BeanPostProcessors (for example: not eligible for auto-proxying)
2021-01-13 18:46:46.562  INFO 8388 --- [restartedMain] trationDelegate$BeanPostProcessorChecker : Bean 'statFilter' of type [com.alibaba.druid.filter.stat.StatFilter] is not eligible for getting processed by all BeanPostProcessors (for example: not eligible for auto-proxying)
2021-01-13 18:46:48.021  INFO 8388 --- [restartedMain] com.alibaba.druid.pool.DruidDataSource   : {dataSource-1} inited
2021-01-13 18:46:48.021  INFO 8388 --- [restartedMain] trationDelegate$BeanPostProcessorChecker : Bean 'dataSource' of type [com.alibaba.druid.spring.boot.autoconfigure.DruidDataSourceWrapper] is not eligible for getting processed by all BeanPostProcessors (for example: not eligible for auto-proxying)
2021-01-13 18:46:48.051  INFO 8388 --- [restartedMain] trationDelegate$BeanPostProcessorChecker : Bean 'org.springframework.boot.autoconfigure.jdbc.DataSourceInitializerInvoker' of type [org.springframework.boot.autoconfigure.jdbc.DataSourceInitializerInvoker] is not eligible for getting processed by all BeanPostProcessors (for example: not eligible for auto-proxying)
2021-01-13 18:46:48.301  WARN 8388 --- [restartedMain] c.b.mybatisplus.toolkit.TableInfoHelper  : Warn: Could not find @TableId in Class: com.abc.entity.SysRolePerm.
2021-01-13 18:46:48.301  WARN 8388 --- [restartedMain] c.b.mybatisplus.mapper.AutoSqlInjector   : class com.abc.entity.SysRolePerm ,Not found @TableId annotation, Cannot use Mybatis-Plus 'xxById' Method.
2021-01-13 18:46:48.351  WARN 8388 --- [restartedMain] c.b.mybatisplus.toolkit.TableInfoHelper  : Warn: Could not find @TableId in Class: com.abc.entity.SysUserRole.
2021-01-13 18:46:48.351  WARN 8388 --- [restartedMain] c.b.mybatisplus.mapper.AutoSqlInjector   : class com.abc.entity.SysUserRole ,Not found @TableId annotation, Cannot use Mybatis-Plus 'xxById' Method.
2021-01-13 18:46:48.401  INFO 8388 --- [restartedMain] trationDelegate$BeanPostProcessorChecker : Bean 'sqlSessionFactory' of type [org.apache.ibatis.session.defaults.DefaultSqlSessionFactory] is not eligible for getting processed by all BeanPostProcessors (for example: not eligible for auto-proxying)
2021-01-13 18:46:48.411  INFO 8388 --- [restartedMain] trationDelegate$BeanPostProcessorChecker : Bean 'sqlSessionTemplate' of type [org.mybatis.spring.SqlSessionTemplate] is not eligible for getting processed by all BeanPostProcessors (for example: not eligible for auto-proxying)
2021-01-13 18:46:48.411  INFO 8388 --- [restartedMain] trationDelegate$BeanPostProcessorChecker : Bean 'sysUserMapper' of type [org.mybatis.spring.mapper.MapperFactoryBean] is not eligible for getting processed by all BeanPostProcessors (for example: not eligible for auto-proxying)
2021-01-13 18:46:48.421  INFO 8388 --- [restartedMain] trationDelegate$BeanPostProcessorChecker : Bean 'sysUserMapper' of type [com.sun.proxy.$Proxy92] is not eligible for getting processed by all BeanPostProcessors (for example: not eligible for auto-proxying)
2021-01-13 18:46:48.421  INFO 8388 --- [restartedMain] trationDelegate$BeanPostProcessorChecker : Bean 'sysUserServiceImpl' of type [com.abc.service.impl.SysUserServiceImpl] is not eligible for getting processed by all BeanPostProcessors (for example: not eligible for auto-proxying)
2021-01-13 18:46:48.461  INFO 8388 --- [restartedMain] trationDelegate$BeanPostProcessorChecker : Bean 'sysRoleMapper' of type [org.mybatis.spring.mapper.MapperFactoryBean] is not eligible for getting processed by all BeanPostProcessors (for example: not eligible for auto-proxying)
2021-01-13 18:46:48.461  INFO 8388 --- [restartedMain] trationDelegate$BeanPostProcessorChecker : Bean 'sysRoleMapper' of type [com.sun.proxy.$Proxy93] is not eligible for getting processed by all BeanPostProcessors (for example: not eligible for auto-proxying)
2021-01-13 18:46:48.461  INFO 8388 --- [restartedMain] trationDelegate$BeanPostProcessorChecker : Bean 'sysRoleServiceImpl' of type [com.abc.service.impl.SysRoleServiceImpl] is not eligible for getting processed by all BeanPostProcessors (for example: not eligible for auto-proxying)
2021-01-13 18:46:48.491  INFO 8388 --- [restartedMain] trationDelegate$BeanPostProcessorChecker : Bean 'sysPermMapper' of type [org.mybatis.spring.mapper.MapperFactoryBean] is not eligible for getting processed by all BeanPostProcessors (for example: not eligible for auto-proxying)
2021-01-13 18:46:48.491  INFO 8388 --- [restartedMain] trationDelegate$BeanPostProcessorChecker : Bean 'sysPermMapper' of type [com.sun.proxy.$Proxy94] is not eligible for getting processed by all BeanPostProcessors (for example: not eligible for auto-proxying)
2021-01-13 18:46:48.491  INFO 8388 --- [restartedMain] trationDelegate$BeanPostProcessorChecker : Bean 'sysPermServiceImpl' of type [com.abc.service.impl.SysPermServiceImpl] is not eligible for getting processed by all BeanPostProcessors (for example: not eligible for auto-proxying)
2021-01-13 18:46:48.501  INFO 8388 --- [restartedMain] trationDelegate$BeanPostProcessorChecker : Bean 'realm' of type [com.abc.shiro.UserRealm] is not eligible for getting processed by all BeanPostProcessors (for example: not eligible for auto-proxying)
2021-01-13 18:46:49.880  INFO 8388 --- [restartedMain] trationDelegate$BeanPostProcessorChecker : Bean 'sessionStorageEvaluator' of type [org.apache.shiro.web.mgt.DefaultWebSessionStorageEvaluator] is not eligible for getting processed by all BeanPostProcessors (for example: not eligible for auto-proxying)
2021-01-13 18:46:49.880  INFO 8388 --- [restartedMain] trationDelegate$BeanPostProcessorChecker : Bean 'subjectDAO' of type [org.apache.shiro.mgt.DefaultSubjectDAO] is not eligible for getting processed by all BeanPostProcessors (for example: not eligible for auto-proxying)
2021-01-13 18:46:49.880  INFO 8388 --- [restartedMain] trationDelegate$BeanPostProcessorChecker : Bean 'subjectFactory' of type [org.apache.shiro.web.mgt.DefaultWebSubjectFactory] is not eligible for getting processed by all BeanPostProcessors (for example: not eligible for auto-proxying)
2021-01-13 18:46:49.890  INFO 8388 --- [restartedMain] trationDelegate$BeanPostProcessorChecker : Bean 'rememberMeCookieTemplate' of type [org.apache.shiro.web.servlet.SimpleCookie] is not eligible for getting processed by all BeanPostProcessors (for example: not eligible for auto-proxying)
2021-01-13 18:46:49.890  INFO 8388 --- [restartedMain] trationDelegate$BeanPostProcessorChecker : Bean 'rememberMeManager' of type [org.apache.shiro.web.mgt.CookieRememberMeManager] is not eligible for getting processed by all BeanPostProcessors (for example: not eligible for auto-proxying)
2021-01-13 18:46:49.900  INFO 8388 --- [restartedMain] trationDelegate$BeanPostProcessorChecker : Bean 'authenticationStrategy' of type [org.apache.shiro.authc.pam.AtLeastOneSuccessfulStrategy] is not eligible for getting processed by all BeanPostProcessors (for example: not eligible for auto-proxying)
2021-01-13 18:46:49.900  INFO 8388 --- [restartedMain] trationDelegate$BeanPostProcessorChecker : Bean 'authenticator' of type [org.apache.shiro.authc.pam.ModularRealmAuthenticator] is not eligible for getting processed by all BeanPostProcessors (for example: not eligible for auto-proxying)
2021-01-13 18:46:49.900  INFO 8388 --- [restartedMain] trationDelegate$BeanPostProcessorChecker : Bean 'authorizer' of type [org.apache.shiro.authz.ModularRealmAuthorizer] is not eligible for getting processed by all BeanPostProcessors (for example: not eligible for auto-proxying)
2021-01-13 18:46:49.910  INFO 8388 --- [restartedMain] trationDelegate$BeanPostProcessorChecker : Bean 'sessionManager' of type [org.apache.shiro.web.session.mgt.ServletContainerSessionManager] is not eligible for getting processed by all BeanPostProcessors (for example: not eligible for auto-proxying)
2021-01-13 18:46:49.920  INFO 8388 --- [restartedMain] trationDelegate$BeanPostProcessorChecker : Bean 'securityManager' of type [org.apache.shiro.web.mgt.DefaultWebSecurityManager] is not eligible for getting processed by all BeanPostProcessors (for example: not eligible for auto-proxying)
2021-01-13 18:46:49.940  INFO 8388 --- [restartedMain] trationDelegate$BeanPostProcessorChecker : Bean 'authorizationAttributeSourceAdvisor' of type [org.apache.shiro.spring.security.interceptor.AuthorizationAttributeSourceAdvisor] is not eligible for getting processed by all BeanPostProcessors (for example: not eligible for auto-proxying)
2021-01-13 18:46:49.960  INFO 8388 --- [restartedMain] trationDelegate$BeanPostProcessorChecker : Bean 'shiroFilterChainDefinition' of type [org.apache.shiro.spring.web.config.DefaultShiroFilterChainDefinition] is not eligible for getting processed by all BeanPostProcessors (for example: not eligible for auto-proxying)
2021-01-13 18:46:49.960  INFO 8388 --- [restartedMain] trationDelegate$BeanPostProcessorChecker : Bean 'org.apache.shiro.spring.config.web.autoconfigure.ShiroWebFilterConfiguration' of type [org.apache.shiro.spring.config.web.autoconfigure.ShiroWebFilterConfiguration$$EnhancerBySpringCGLIB$$16e627e0] is not eligible for getting processed by all BeanPostProcessors (for example: not eligible for auto-proxying)
2021-01-13 18:46:50.350  INFO 8388 --- [restartedMain] o.s.b.w.embedded.tomcat.TomcatWebServer  : Tomcat initialized with port(s): 8888 (http)
2021-01-13 18:46:50.380  INFO 8388 --- [restartedMain] o.apache.catalina.core.StandardService   : Starting service [Tomcat]
2021-01-13 18:46:50.380  INFO 8388 --- [restartedMain] org.apache.catalina.core.StandardEngine  : Starting Servlet Engine: Apache Tomcat/8.5.29
2021-01-13 18:46:50.380  INFO 8388 --- [localhost-startStop-1] o.a.catalina.core.AprLifecycleListener   : The APR based Apache Tomcat Native library which allows optimal performance in production environments was not found on the java.library.path: [D:\java\jdk1.8.0_161\bin;C:\WINDOWS\Sun\Java\bin;C:\WINDOWS\system32;C:\WINDOWS;E:\Anaconda\envs\ten\Library\bin;E:\Anaconda\envs\ten;C:\ProgramData\Oracle\Java\javapath;C:\Windows\system32;C:\Windows;C:\Windows\System32\Wbem;C:\Windows\System32\WindowsPowerShell\v1.0\;C:\Program Files (x86)\NVIDIA Corporation\PhysX\Common;C:\WINDOWS\system32;C:\WINDOWS;C:\WINDOWS\System32\Wbem;C:\WINDOWS\System32\WindowsPowerShell\v1.0\;C:\WINDOWS\System32\OpenSSH\;D:\java\jdk1.8.0_161\bin\;C:\ProgramData\MySQL\MySQL Server 8.0\bin;C:\Users\hasee\AppData\Local\Android\Sdk\platform-tools;C:\Users\hasee\AppData\Local\Android\Sdk\tools\lib\monitor-x86_64;F:\matlab\runtime\win64;F:\matlab\bin;E:\maven\apache-maven-3.6.1\bin;E:\spring\spring-2.2.0.BUILD-SNAPSHOT\bin;E:\hugo_0.55.6_Windows-64bit;C:\Users\hasee\AppData\Roaming\Microsoft\Windows\Start Menu\Programs\GitHub, Inc;E:\Anaconda\Scripts;E:\Anaconda\Library\bin;D:\python\Scripts;C:\Program Files\OpenLink Software\virtuoso-opensource\bin;C:\Program Files\OpenLink Software\virtuoso-opensource\lib;"D:\java\jdk1.8.0_161\jre\bin\;";C:\Program Files\Microsoft SQL Server\150\Tools\Binn\;C:\Program Files\Microsoft SQL Server\Client SDK\ODBC\170\Tools\Binn\;C:\Program Files (x86)\Microsoft SQL Server\150\Tools\Binn\;C:\Program Files\Microsoft SQL Server\150\DTS\Binn\;E:\软件\zookeeper-3.4.14\bin;";:\Erlang\erl-23.0\bin;";F:\bigdata\hadoop-2.7.1\bin;E:\gradle\gradle-4.6\bin;E:\node;C:\Users\hasee\AppData\Roaming\npm;F:\Git\cmd;C:\Users\hasee\AppData\Local\Programs\Python\Python37-32\Scripts\;C:\Users\hasee\AppData\Local\Programs\Python\Python37-32\;C:\Users\hasee\AppData\Local\Microsoft\WindowsApps;C:\Users\hasee\AppData\Local\GitHubDesktop\bin;E:\maven\apache-maven-3.6.1\bin;;C:\Users\hasee\AppData\Local\Microsoft\WindowsApps;C:\Users\hasee\AppData\Roaming\npm;.]
2021-01-13 18:46:50.470  INFO 8388 --- [localhost-startStop-1] o.a.c.c.C.[.[localhost].[/api/v1]        : Initializing Spring embedded WebApplicationContext
2021-01-13 18:46:50.470  INFO 8388 --- [localhost-startStop-1] o.s.web.context.ContextLoader            : Root WebApplicationContext: initialization completed in 6537 ms
2021-01-13 18:46:50.749  INFO 8388 --- [localhost-startStop-1] o.s.b.w.servlet.ServletRegistrationBean  : Servlet dispatcherServlet mapped to [/]
2021-01-13 18:46:50.749  INFO 8388 --- [localhost-startStop-1] o.s.b.w.servlet.ServletRegistrationBean  : Servlet statViewServlet mapped to [/druid/*]
2021-01-13 18:46:50.759  INFO 8388 --- [localhost-startStop-1] o.s.b.w.servlet.FilterRegistrationBean   : Mapping filter: 'characterEncodingFilter' to: [/*]
2021-01-13 18:46:50.759  INFO 8388 --- [localhost-startStop-1] o.s.b.w.servlet.FilterRegistrationBean   : Mapping filter: 'hiddenHttpMethodFilter' to: [/*]
2021-01-13 18:46:50.759  INFO 8388 --- [localhost-startStop-1] o.s.b.w.servlet.FilterRegistrationBean   : Mapping filter: 'httpPutFormContentFilter' to: [/*]
2021-01-13 18:46:50.759  INFO 8388 --- [localhost-startStop-1] o.s.b.w.servlet.FilterRegistrationBean   : Mapping filter: 'requestContextFilter' to: [/*]
2021-01-13 18:46:50.759  INFO 8388 --- [localhost-startStop-1] o.s.b.w.servlet.FilterRegistrationBean   : Mapping filter: 'webStatFilter' to urls: [/*]
2021-01-13 18:46:50.759  INFO 8388 --- [localhost-startStop-1] o.s.b.w.servlet.FilterRegistrationBean   : Mapping filter: 'corsFilter' to: [/*]
2021-01-13 18:46:50.759  INFO 8388 --- [localhost-startStop-1] o.s.b.w.servlet.FilterRegistrationBean   : Mapping filter: 'shiroFilterFactoryBean' to: [/*]
2021-01-13 18:46:51.519  INFO 8388 --- [restartedMain] s.w.s.m.m.a.RequestMappingHandlerMapping : Mapped "{[/analysis],methods=[POST]}" onto public com.abc.vo.Json com.abc.controller.AttentionAnalysisController.AttentionAnalysis(java.lang.String)
2021-01-13 18:46:51.519  INFO 8388 --- [restartedMain] s.w.s.m.m.a.RequestMappingHandlerMapping : Mapped "{[/analysis/emotion],methods=[POST]}" onto public com.abc.vo.Json com.abc.controller.AttentionAnalysisController.EmotionAnalysis(java.lang.String)
2021-01-13 18:46:51.519  INFO 8388 --- [restartedMain] s.w.s.m.m.a.RequestMappingHandlerMapping : Mapped "{[/auth/info],methods=[GET]}" onto public com.abc.vo.Json com.abc.controller.basicController.AuthController.info()
2021-01-13 18:46:51.519  INFO 8388 --- [restartedMain] s.w.s.m.m.a.RequestMappingHandlerMapping : Mapped "{[/auth/logout],methods=[POST]}" onto public com.abc.vo.Json com.abc.controller.basicController.AuthController.logout()
2021-01-13 18:46:51.519  INFO 8388 --- [restartedMain] s.w.s.m.m.a.RequestMappingHandlerMapping : Mapped "{[/auth/page/401]}" onto public com.abc.vo.Json com.abc.controller.basicController.AuthController.page401()
2021-01-13 18:46:51.519  INFO 8388 --- [restartedMain] s.w.s.m.m.a.RequestMappingHandlerMapping : Mapped "{[/auth/page/403]}" onto public com.abc.vo.Json com.abc.controller.basicController.AuthController.page403()
2021-01-13 18:46:51.519  INFO 8388 --- [restartedMain] s.w.s.m.m.a.RequestMappingHandlerMapping : Mapped "{[/auth/page/index]}" onto public com.abc.vo.Json com.abc.controller.basicController.AuthController.pageIndex()
2021-01-13 18:46:51.519  INFO 8388 --- [restartedMain] s.w.s.m.m.a.RequestMappingHandlerMapping : Mapped "{[/auth/login],methods=[POST]}" onto public com.abc.vo.Json com.abc.controller.basicController.AuthController.login(java.lang.String)
2021-01-13 18:46:51.519  INFO 8388 --- [restartedMain] s.w.s.m.m.a.RequestMappingHandlerMapping : Mapped "{[/option/role],methods=[GET]}" onto public com.abc.vo.Json com.abc.controller.basicController.OptionController.listRoleOptions()
2021-01-13 18:46:51.529  INFO 8388 --- [restartedMain] s.w.s.m.m.a.RequestMappingHandlerMapping : Mapped "{[/sys_perm],methods=[POST]}" onto public com.abc.vo.Json com.abc.controller.basicController.SysPermController.add(java.lang.String)
2021-01-13 18:46:51.529  INFO 8388 --- [restartedMain] s.w.s.m.m.a.RequestMappingHandlerMapping : Mapped "{[/sys_perm/info],methods=[PATCH]}" onto public com.abc.vo.Json com.abc.controller.basicController.SysPermController.update(java.lang.String)
2021-01-13 18:46:51.529  INFO 8388 --- [restartedMain] s.w.s.m.m.a.RequestMappingHandlerMapping : Mapped "{[/sys_perm],methods=[DELETE]}" onto public com.abc.vo.Json com.abc.controller.basicController.SysPermController.delete(java.lang.String)
2021-01-13 18:46:51.529  INFO 8388 --- [restartedMain] s.w.s.m.m.a.RequestMappingHandlerMapping : Mapped "{[/sys_perm/meta/api],methods=[GET]}" onto public com.abc.vo.Json com.abc.controller.basicController.SysPermController.listApiPermMetadata()
2021-01-13 18:46:51.529  INFO 8388 --- [restartedMain] s.w.s.m.m.a.RequestMappingHandlerMapping : Mapped "{[/sys_perm/sync/menu],methods=[POST]}" onto public com.abc.vo.Json com.abc.controller.basicController.SysPermController.syncMenuPermission(java.lang.String)
2021-01-13 18:46:51.529  INFO 8388 --- [restartedMain] s.w.s.m.m.a.RequestMappingHandlerMapping : Mapped "{[/sys_perm/list/all],methods=[GET]}" onto public com.abc.vo.Json com.abc.controller.basicController.SysPermController.listAllPermission()
2021-01-13 18:46:51.529  INFO 8388 --- [restartedMain] s.w.s.m.m.a.RequestMappingHandlerMapping : Mapped "{[/sys_perm/list/btn_perm_map],methods=[GET]}" onto public com.abc.vo.Json com.abc.controller.basicController.SysPermController.listButtonPermMapGroupByParent()
2021-01-13 18:46:51.529  INFO 8388 --- [restartedMain] s.w.s.m.m.a.RequestMappingHandlerMapping : Mapped "{[/sys_perm/sync/api],methods=[POST]}" onto public com.abc.vo.Json com.abc.controller.basicController.SysPermController.syncApiPermission(java.lang.String)
2021-01-13 18:46:51.529  INFO 8388 --- [restartedMain] s.w.s.m.m.a.RequestMappingHandlerMapping : Mapped "{[/sys_role],methods=[POST]}" onto public com.abc.vo.Json com.abc.controller.basicController.SysRoleController.add(java.lang.String)
2021-01-13 18:46:51.529  INFO 8388 --- [restartedMain] s.w.s.m.m.a.RequestMappingHandlerMapping : Mapped "{[/sys_role/info],methods=[PATCH]}" onto public com.abc.vo.Json com.abc.controller.basicController.SysRoleController.update(java.lang.String)
2021-01-13 18:46:51.529  INFO 8388 --- [restartedMain] s.w.s.m.m.a.RequestMappingHandlerMapping : Mapped "{[/sys_role],methods=[DELETE]}" onto public com.abc.vo.Json com.abc.controller.basicController.SysRoleController.delete(java.lang.String)
2021-01-13 18:46:51.529  INFO 8388 --- [restartedMain] s.w.s.m.m.a.RequestMappingHandlerMapping : Mapped "{[/sys_role/query],methods=[POST]}" onto public com.abc.vo.Json com.abc.controller.basicController.SysRoleController.query(java.lang.String)
2021-01-13 18:46:51.529  INFO 8388 --- [restartedMain] s.w.s.m.m.a.RequestMappingHandlerMapping : Mapped "{[/sys_role/perm],methods=[PATCH]}" onto public com.abc.vo.Json com.abc.controller.basicController.SysRoleController.updateRolePerm(com.abc.vo.UpdateRolePermVo)
2021-01-13 18:46:51.529  INFO 8388 --- [restartedMain] s.w.s.m.m.a.RequestMappingHandlerMapping : Mapped "{[/sys_role/{rid}/perms],methods=[GET]}" onto public com.abc.vo.Json com.abc.controller.basicController.SysRoleController.findRolePerms(java.lang.String)
2021-01-13 18:46:51.529  INFO 8388 --- [restartedMain] s.w.s.m.m.a.RequestMappingHandlerMapping : Mapped "{[/sys_role/perm],methods=[POST]}" onto public com.abc.vo.Json com.abc.controller.basicController.SysRoleController.addPerm(java.lang.String)
2021-01-13 18:46:51.529  INFO 8388 --- [restartedMain] s.w.s.m.m.a.RequestMappingHandlerMapping : Mapped "{[/sys_role/perm],methods=[DELETE]}" onto public com.abc.vo.Json com.abc.controller.basicController.SysRoleController.deletePerm(java.lang.String)
2021-01-13 18:46:51.529  INFO 8388 --- [restartedMain] s.w.s.m.m.a.RequestMappingHandlerMapping : Mapped "{[/sys_user],methods=[POST]}" onto public com.abc.vo.Json com.abc.controller.basicController.SysUserController.add(java.lang.String)
2021-01-13 18:46:51.529  INFO 8388 --- [restartedMain] s.w.s.m.m.a.RequestMappingHandlerMapping : Mapped "{[/sys_user/info],methods=[PATCH]}" onto public com.abc.vo.Json com.abc.controller.basicController.SysUserController.update(java.lang.String)
2021-01-13 18:46:51.529  INFO 8388 --- [restartedMain] s.w.s.m.m.a.RequestMappingHandlerMapping : Mapped "{[/sys_user],methods=[DELETE]}" onto public com.abc.vo.Json com.abc.controller.basicController.SysUserController.delete(java.lang.String)
2021-01-13 18:46:51.529  INFO 8388 --- [restartedMain] s.w.s.m.m.a.RequestMappingHandlerMapping : Mapped "{[/sys_user/query],methods=[POST]}" onto public com.abc.vo.Json com.abc.controller.basicController.SysUserController.query(java.lang.String)
2021-01-13 18:46:51.529  INFO 8388 --- [restartedMain] s.w.s.m.m.a.RequestMappingHandlerMapping : Mapped "{[/sys_user/info],methods=[GET]}" onto public com.abc.vo.Json com.abc.controller.basicController.SysUserController.userInfo()
2021-01-13 18:46:51.529  INFO 8388 --- [restartedMain] s.w.s.m.m.a.RequestMappingHandlerMapping : Mapped "{[/sys_user/{uid}/roles],methods=[GET]}" onto public com.abc.vo.Json com.abc.controller.basicController.SysUserController.findUserRoles(java.lang.String)
2021-01-13 18:46:51.529  INFO 8388 --- [restartedMain] s.w.s.m.m.a.RequestMappingHandlerMapping : Mapped "{[/sys_user/role],methods=[PATCH]}" onto public com.abc.vo.Json com.abc.controller.basicController.SysUserController.updateUserRole(java.lang.String)
2021-01-13 18:46:51.529  INFO 8388 --- [restartedMain] s.w.s.m.m.a.RequestMappingHandlerMapping : Mapped "{[/sys_user/pwd],methods=[PATCH]}" onto public com.abc.vo.Json com.abc.controller.basicController.SysUserController.updatePwd(java.lang.String)
2021-01-13 18:46:51.539  INFO 8388 --- [restartedMain] s.w.s.m.m.a.RequestMappingHandlerMapping : Mapped "{[/test/user],methods=[GET]}" onto public java.lang.String com.abc.controller.basicController.TestController.user()
2021-01-13 18:46:51.539  INFO 8388 --- [restartedMain] s.w.s.m.m.a.RequestMappingHandlerMapping : Mapped "{[/test/js],methods=[GET]}" onto public java.lang.String com.abc.controller.basicController.TestController.js()
2021-01-13 18:46:51.539  INFO 8388 --- [restartedMain] s.w.s.m.m.a.RequestMappingHandlerMapping : Mapped "{[/test/python],methods=[GET]}" onto public java.lang.String com.abc.controller.basicController.TestController.python()
2021-01-13 18:46:51.539  INFO 8388 --- [restartedMain] s.w.s.m.m.a.RequestMappingHandlerMapping : Mapped "{[/test/authn],methods=[GET]}" onto public java.lang.String com.abc.controller.basicController.TestController.authn()
2021-01-13 18:46:51.539  INFO 8388 --- [restartedMain] s.w.s.m.m.a.RequestMappingHandlerMapping : Mapped "{[/test/testAop],methods=[GET]}" onto public java.lang.String com.abc.controller.basicController.TestController.testAop(java.lang.String)
2021-01-13 18:46:51.539  INFO 8388 --- [restartedMain] s.w.s.m.m.a.RequestMappingHandlerMapping : Mapped "{[/test/mvnInstall],methods=[GET]}" onto public java.lang.String com.abc.controller.basicController.TestController.mvnInstall()
2021-01-13 18:46:51.539  INFO 8388 --- [restartedMain] s.w.s.m.m.a.RequestMappingHandlerMapping : Mapped "{[/test/hello],methods=[GET]}" onto public java.lang.String com.abc.controller.basicController.TestController.hello()
2021-01-13 18:46:51.539  INFO 8388 --- [restartedMain] s.w.s.m.m.a.RequestMappingHandlerMapping : Mapped "{[/test/guest],methods=[GET]}" onto public java.lang.String com.abc.controller.basicController.TestController.guest()
2021-01-13 18:46:51.539  INFO 8388 --- [restartedMain] s.w.s.m.m.a.RequestMappingHandlerMapping : Mapped "{[/test/gradleBuild],methods=[GET]}" onto public java.lang.String com.abc.controller.basicController.TestController.gradleBuild()
2021-01-13 18:46:51.539  INFO 8388 --- [restartedMain] s.w.s.m.m.a.RequestMappingHandlerMapping : Mapped "{[/student/has_course],methods=[POST]}" onto public com.abc.vo.Json com.abc.controller.StudentController.queryOngoingStudentCourse(java.lang.String)
2021-01-13 18:46:51.539  INFO 8388 --- [restartedMain] s.w.s.m.m.a.RequestMappingHandlerMapping : Mapped "{[/student/query_all_course],methods=[POST]}" onto public com.abc.vo.Json com.abc.controller.StudentController.queryStudentAllCourse(java.lang.String)
2021-01-13 18:46:51.539  INFO 8388 --- [restartedMain] s.w.s.m.m.a.RequestMappingHandlerMapping : Mapped "{[/teacher/query_concentration],methods=[POST]}" onto com.abc.vo.Json com.abc.controller.TeacherController.queryStudentConcentration(java.lang.String)
2021-01-13 18:46:51.539  INFO 8388 --- [restartedMain] s.w.s.m.m.a.RequestMappingHandlerMapping : Mapped "{[/teacher/query_courses],methods=[POST]}" onto com.abc.vo.Json com.abc.controller.TeacherController.queryCoursesOfTeacher(java.lang.String)
2021-01-13 18:46:51.539  INFO 8388 --- [restartedMain] s.w.s.m.m.a.RequestMappingHandlerMapping : Mapped "{[/teacher/query_student],methods=[POST]}" onto com.abc.vo.Json com.abc.controller.TeacherController.queryStudentFromTeacher(java.lang.String)
2021-01-13 18:46:51.539  INFO 8388 --- [restartedMain] s.w.s.m.m.a.RequestMappingHandlerMapping : Mapped "{[/teacher/query_class_concentration],methods=[POST]}" onto com.abc.vo.Json com.abc.controller.TeacherController.queryClassConcentration(java.lang.String) throws java.lang.CloneNotSupportedException,java.text.ParseException
2021-01-13 18:46:51.539  INFO 8388 --- [restartedMain] s.w.s.m.m.a.RequestMappingHandlerMapping : Mapped "{[/teacher/testAop],methods=[POST]}" onto public java.lang.String com.abc.controller.TeacherController.testAop(java.lang.String)
2021-01-13 18:46:51.549  INFO 8388 --- [restartedMain] s.w.s.m.m.a.RequestMappingHandlerMapping : Mapped "{[/swagger-resources/configuration/security]}" onto public org.springframework.http.ResponseEntity<springfox.documentation.swagger.web.SecurityConfiguration> springfox.documentation.swagger.web.ApiResourceController.securityConfiguration()
2021-01-13 18:46:51.549  INFO 8388 --- [restartedMain] s.w.s.m.m.a.RequestMappingHandlerMapping : Mapped "{[/swagger-resources/configuration/ui]}" onto public org.springframework.http.ResponseEntity<springfox.documentation.swagger.web.UiConfiguration> springfox.documentation.swagger.web.ApiResourceController.uiConfiguration()
2021-01-13 18:46:51.549  INFO 8388 --- [restartedMain] s.w.s.m.m.a.RequestMappingHandlerMapping : Mapped "{[/swagger-resources]}" onto public org.springframework.http.ResponseEntity<java.util.List<springfox.documentation.swagger.web.SwaggerResource>> springfox.documentation.swagger.web.ApiResourceController.swaggerResources()
2021-01-13 18:46:51.549  INFO 8388 --- [restartedMain] s.w.s.m.m.a.RequestMappingHandlerMapping : Mapped "{[/error]}" onto public org.springframework.http.ResponseEntity<java.util.Map<java.lang.String, java.lang.Object>> org.springframework.boot.autoconfigure.web.servlet.error.BasicErrorController.error(javax.servlet.http.HttpServletRequest)
2021-01-13 18:46:51.549  INFO 8388 --- [restartedMain] s.w.s.m.m.a.RequestMappingHandlerMapping : Mapped "{[/error],produces=[text/html]}" onto public org.springframework.web.servlet.ModelAndView org.springframework.boot.autoconfigure.web.servlet.error.BasicErrorController.errorHtml(javax.servlet.http.HttpServletRequest,javax.servlet.http.HttpServletResponse)
2021-01-13 18:46:51.759  INFO 8388 --- [restartedMain] pertySourcedRequestMappingHandlerMapping : Mapped URL path [/v2/api-docs] onto method [public org.springframework.http.ResponseEntity<springfox.documentation.spring.web.json.Json> springfox.documentation.swagger2.web.Swagger2Controller.getDocumentation(java.lang.String,javax.servlet.http.HttpServletRequest)]
2021-01-13 18:46:51.809  INFO 8388 --- [restartedMain] o.s.s.concurrent.ThreadPoolTaskExecutor  : Initializing ExecutorService 
2021-01-13 18:46:51.809  INFO 8388 --- [restartedMain] com.abc.config.TaskExecutorConfig        : 线程池A-Thread配置成功
2021-01-13 18:46:51.819  INFO 8388 --- [restartedMain] o.s.s.concurrent.ThreadPoolTaskExecutor  : Initializing ExecutorService  'asyncPromiseExecutor'
2021-01-13 18:46:51.929  INFO 8388 --- [restartedMain] o.s.w.s.handler.SimpleUrlHandlerMapping  : Mapped URL path [/**/favicon.ico] onto handler of type [class org.springframework.web.servlet.resource.ResourceHttpRequestHandler]
2021-01-13 18:46:52.309  INFO 8388 --- [restartedMain] s.w.s.m.m.a.RequestMappingHandlerAdapter : Looking for @ControllerAdvice: org.springframework.boot.web.servlet.context.AnnotationConfigServletWebServerApplicationContext@75c53c10: startup date [Wed Jan 13 18:46:43 CST 2021]; root of context hierarchy
2021-01-13 18:46:52.388  INFO 8388 --- [restartedMain] o.s.w.s.handler.SimpleUrlHandlerMapping  : Mapped URL path [/webjars/**] onto handler of type [class org.springframework.web.servlet.resource.ResourceHttpRequestHandler]
2021-01-13 18:46:52.388  INFO 8388 --- [restartedMain] o.s.w.s.handler.SimpleUrlHandlerMapping  : Mapped URL path [/**] onto handler of type [class org.springframework.web.servlet.resource.ResourceHttpRequestHandler]
2021-01-13 18:46:52.418  INFO 8388 --- [restartedMain] .m.m.a.ExceptionHandlerExceptionResolver : Detected @ExceptionHandler methods in globalExceptionHandler
2021-01-13 18:46:52.838  INFO 8388 --- [restartedMain] o.s.b.d.a.OptionalLiveReloadServer       : LiveReload server is running on port 35729
2021-01-13 18:46:52.878  INFO 8388 --- [restartedMain] o.s.j.e.a.AnnotationMBeanExporter        : Registering beans for JMX exposure on startup
2021-01-13 18:46:52.888  INFO 8388 --- [restartedMain] o.s.j.e.a.AnnotationMBeanExporter        : Bean with name 'statFilter' has been autodetected for JMX exposure
2021-01-13 18:46:52.888  INFO 8388 --- [restartedMain] o.s.j.e.a.AnnotationMBeanExporter        : Bean with name 'dataSource' has been autodetected for JMX exposure
2021-01-13 18:46:52.888  INFO 8388 --- [restartedMain] o.s.j.e.a.AnnotationMBeanExporter        : Located MBean 'dataSource': registering with JMX server as MBean [com.alibaba.druid.spring.boot.autoconfigure:name=dataSource,type=DruidDataSourceWrapper]
2021-01-13 18:46:52.888  INFO 8388 --- [restartedMain] o.s.j.e.a.AnnotationMBeanExporter        : Located MBean 'statFilter': registering with JMX server as MBean [com.alibaba.druid.filter.stat:name=statFilter,type=StatFilter]
2021-01-13 18:46:52.898  INFO 8388 --- [restartedMain] o.s.c.support.DefaultLifecycleProcessor  : Starting beans in phase 2147483647
2021-01-13 18:46:52.898  INFO 8388 --- [restartedMain] d.s.w.p.DocumentationPluginsBootstrapper : Context refreshed
2021-01-13 18:46:52.918  INFO 8388 --- [restartedMain] d.s.w.p.DocumentationPluginsBootstrapper : Found 1 custom documentation plugin(s)
2021-01-13 18:46:52.958  INFO 8388 --- [restartedMain] s.d.s.w.s.ApiListingReferenceScanner     : Scanning for api listing references
2021-01-13 18:46:53.168  INFO 8388 --- [restartedMain] .d.s.w.r.o.CachingOperationNameGenerator : Generating unique operation named: addUsingPOST_1
2021-01-13 18:46:53.168  INFO 8388 --- [restartedMain] .d.s.w.r.o.CachingOperationNameGenerator : Generating unique operation named: deleteUsingDELETE_1
2021-01-13 18:46:53.188  INFO 8388 --- [restartedMain] .d.s.w.r.o.CachingOperationNameGenerator : Generating unique operation named: updateUsingPATCH_1
2021-01-13 18:46:53.198  INFO 8388 --- [restartedMain] .d.s.w.r.o.CachingOperationNameGenerator : Generating unique operation named: addUsingPOST_2
2021-01-13 18:46:53.198  INFO 8388 --- [restartedMain] .d.s.w.r.o.CachingOperationNameGenerator : Generating unique operation named: deleteUsingDELETE_2
2021-01-13 18:46:53.198  INFO 8388 --- [restartedMain] .d.s.w.r.o.CachingOperationNameGenerator : Generating unique operation named: queryUsingPOST_1
2021-01-13 18:46:53.198  INFO 8388 --- [restartedMain] .d.s.w.r.o.CachingOperationNameGenerator : Generating unique operation named: updateUsingPATCH_2
2021-01-13 18:46:53.268  INFO 8388 --- [restartedMain] o.s.b.w.embedded.tomcat.TomcatWebServer  : Tomcat started on port(s): 8888 (http) with context path '/api/v1'
2021-01-13 18:46:53.268  INFO 8388 --- [restartedMain] com.abc.ServerApplication                : Started ServerApplication in 10.367 seconds (JVM running for 13.767)
2021-01-13 18:49:59.528  INFO 8388 --- [http-nio-8888-exec-1] o.a.c.c.C.[.[localhost].[/api/v1]        : Initializing Spring FrameworkServlet 'dispatcherServlet'
2021-01-13 18:49:59.528  INFO 8388 --- [http-nio-8888-exec-1] o.s.web.servlet.DispatcherServlet        : FrameworkServlet 'dispatcherServlet': initialization started
2021-01-13 18:49:59.558  INFO 8388 --- [http-nio-8888-exec-1] o.s.web.servlet.DispatcherServlet        : FrameworkServlet 'dispatcherServlet': initialization completed in 30 ms
